a:\project\kbkeylogger\wdm-kbk\kbkeylogger\x64\debug\kbkeylogger\kmdfsamples.cat
a:\project\kbkeylogger\wdm-kbk\kbkeylogger\x64\debug\kbkeylogger.sys
a:\project\kbkeylogger\wdm-kbk\kbkeylogger\x64\debug\kbkeylogger.pdb
a:\project\kbkeylogger\wdm-kbk\kbkeylogger\kbkeylogger\x64\debug\kbkeylogger.inf
a:\project\kbkeylogger\wdm-kbk\kbkeylogger\x64\debug\kbkeylogger.cer
a:\project\kbkeylogger\wdm-kbk\kbkeylogger\x64\debug\kbkeylogger.inf
a:\project\kbkeylogger\wdm-kbk\kbkeylogger\kbkeylogger\x64\debug\vc141.pdb
a:\project\kbkeylogger\wdm-kbk\kbkeylogger\kbkeylogger\x64\debug\kbkeylogger.tlog\cl.command.1.tlog
a:\project\kbkeylogger\wdm-kbk\kbkeylogger\kbkeylogger\x64\debug\kbkeylogger.tlog\inf2cat-expand.10024.read.1.tlog
a:\project\kbkeylogger\wdm-kbk\kbkeylogger\kbkeylogger\x64\debug\kbkeylogger.tlog\inf2cat-expand.10024.write.1.tlog
a:\project\kbkeylogger\wdm-kbk\kbkeylogger\kbkeylogger\x64\debug\kbkeylogger.tlog\inf2cat-expand.10712.read.1.tlog
a:\project\kbkeylogger\wdm-kbk\kbkeylogger\kbkeylogger\x64\debug\kbkeylogger.tlog\inf2cat-expand.10712.write.1.tlog
a:\project\kbkeylogger\wdm-kbk\kbkeylogger\kbkeylogger\x64\debug\kbkeylogger.tlog\inf2cat-expand.10812.read.1.tlog
a:\project\kbkeylogger\wdm-kbk\kbkeylogger\kbkeylogger\x64\debug\kbkeylogger.tlog\inf2cat-expand.10812.write.1.tlog
a:\project\kbkeylogger\wdm-kbk\kbkeylogger\kbkeylogger\x64\debug\kbkeylogger.tlog\inf2cat-expand.11284.read.1.tlog
a:\project\kbkeylogger\wdm-kbk\kbkeylogger\kbkeylogger\x64\debug\kbkeylogger.tlog\inf2cat-expand.11284.write.1.tlog
a:\project\kbkeylogger\wdm-kbk\kbkeylogger\kbkeylogger\x64\debug\kbkeylogger.tlog\inf2cat-expand.13212.read.1.tlog
a:\project\kbkeylogger\wdm-kbk\kbkeylogger\kbkeylogger\x64\debug\kbkeylogger.tlog\inf2cat-expand.13212.write.1.tlog
a:\project\kbkeylogger\wdm-kbk\kbkeylogger\kbkeylogger\x64\debug\kbkeylogger.tlog\inf2cat-expand.13396.read.1.tlog
a:\project\kbkeylogger\wdm-kbk\kbkeylogger\kbkeylogger\x64\debug\kbkeylogger.tlog\inf2cat-expand.13396.write.1.tlog
a:\project\kbkeylogger\wdm-kbk\kbkeylogger\kbkeylogger\x64\debug\kbkeylogger.tlog\inf2cat-expand.2384.read.1.tlog
a:\project\kbkeylogger\wdm-kbk\kbkeylogger\kbkeylogger\x64\debug\kbkeylogger.tlog\inf2cat-expand.2384.write.1.tlog
a:\project\kbkeylogger\wdm-kbk\kbkeylogger\kbkeylogger\x64\debug\kbkeylogger.tlog\inf2cat-expand.4116.read.1.tlog
a:\project\kbkeylogger\wdm-kbk\kbkeylogger\kbkeylogger\x64\debug\kbkeylogger.tlog\inf2cat-expand.4116.write.1.tlog
a:\project\kbkeylogger\wdm-kbk\kbkeylogger\kbkeylogger\x64\debug\kbkeylogger.tlog\inf2cat-expand.464.read.1.tlog
a:\project\kbkeylogger\wdm-kbk\kbkeylogger\kbkeylogger\x64\debug\kbkeylogger.tlog\inf2cat-expand.464.write.1.tlog
a:\project\kbkeylogger\wdm-kbk\kbkeylogger\kbkeylogger\x64\debug\kbkeylogger.tlog\inf2cat-expand.5208.read.1.tlog
a:\project\kbkeylogger\wdm-kbk\kbkeylogger\kbkeylogger\x64\debug\kbkeylogger.tlog\inf2cat-expand.5208.write.1.tlog
a:\project\kbkeylogger\wdm-kbk\kbkeylogger\kbkeylogger\x64\debug\kbkeylogger.tlog\inf2cat-expand.5220.read.1.tlog
a:\project\kbkeylogger\wdm-kbk\kbkeylogger\kbkeylogger\x64\debug\kbkeylogger.tlog\inf2cat-expand.5220.write.1.tlog
a:\project\kbkeylogger\wdm-kbk\kbkeylogger\kbkeylogger\x64\debug\kbkeylogger.tlog\inf2cat-expand.6272.read.1.tlog
a:\project\kbkeylogger\wdm-kbk\kbkeylogger\kbkeylogger\x64\debug\kbkeylogger.tlog\inf2cat-expand.6272.write.1.tlog
a:\project\kbkeylogger\wdm-kbk\kbkeylogger\kbkeylogger\x64\debug\kbkeylogger.tlog\inf2cat-expand.6412.read.1.tlog
a:\project\kbkeylogger\wdm-kbk\kbkeylogger\kbkeylogger\x64\debug\kbkeylogger.tlog\inf2cat-expand.6412.write.1.tlog
a:\project\kbkeylogger\wdm-kbk\kbkeylogger\kbkeylogger\x64\debug\kbkeylogger.tlog\inf2cat-expand.6800.read.1.tlog
a:\project\kbkeylogger\wdm-kbk\kbkeylogger\kbkeylogger\x64\debug\kbkeylogger.tlog\inf2cat-expand.6800.write.1.tlog
a:\project\kbkeylogger\wdm-kbk\kbkeylogger\kbkeylogger\x64\debug\kbkeylogger.tlog\inf2cat-expand.6884.read.1.tlog
a:\project\kbkeylogger\wdm-kbk\kbkeylogger\kbkeylogger\x64\debug\kbkeylogger.tlog\inf2cat-expand.6884.write.1.tlog
a:\project\kbkeylogger\wdm-kbk\kbkeylogger\kbkeylogger\x64\debug\kbkeylogger.tlog\inf2cat-expand.8152.read.1.tlog
a:\project\kbkeylogger\wdm-kbk\kbkeylogger\kbkeylogger\x64\debug\kbkeylogger.tlog\inf2cat-expand.8152.write.1.tlog
a:\project\kbkeylogger\wdm-kbk\kbkeylogger\kbkeylogger\x64\debug\kbkeylogger.tlog\inf2cat-expand.8188.read.1.tlog
a:\project\kbkeylogger\wdm-kbk\kbkeylogger\kbkeylogger\x64\debug\kbkeylogger.tlog\inf2cat-expand.8188.write.1.tlog
a:\project\kbkeylogger\wdm-kbk\kbkeylogger\kbkeylogger\x64\debug\kbkeylogger.tlog\inf2cat-expand.9536.read.1.tlog
a:\project\kbkeylogger\wdm-kbk\kbkeylogger\kbkeylogger\x64\debug\kbkeylogger.tlog\inf2cat-expand.9536.write.1.tlog
a:\project\kbkeylogger\wdm-kbk\kbkeylogger\kbkeylogger\x64\debug\kbkeylogger.tlog\inf2cat-expand.9720.read.1.tlog
a:\project\kbkeylogger\wdm-kbk\kbkeylogger\kbkeylogger\x64\debug\kbkeylogger.tlog\inf2cat-expand.9720.write.1.tlog
a:\project\kbkeylogger\wdm-kbk\kbkeylogger\kbkeylogger\x64\debug\kbkeylogger.tlog\inf2cat-expand.read.1.tlog
a:\project\kbkeylogger\wdm-kbk\kbkeylogger\kbkeylogger\x64\debug\kbkeylogger.tlog\inf2cat-expand.write.1.tlog
a:\project\kbkeylogger\wdm-kbk\kbkeylogger\kbkeylogger\x64\debug\kbkeylogger.tlog\inf2cat.command.1.tlog
a:\project\kbkeylogger\wdm-kbk\kbkeylogger\kbkeylogger\x64\debug\kbkeylogger.tlog\inf2cat.read.1.tlog
a:\project\kbkeylogger\wdm-kbk\kbkeylogger\kbkeylogger\x64\debug\kbkeylogger.tlog\inf2cat.write.1.tlog
a:\project\kbkeylogger\wdm-kbk\kbkeylogger\kbkeylogger\x64\debug\kbkeylogger.tlog\link.command.1.tlog
a:\project\kbkeylogger\wdm-kbk\kbkeylogger\kbkeylogger\x64\debug\kbkeylogger.tlog\link.read.1.tlog
a:\project\kbkeylogger\wdm-kbk\kbkeylogger\kbkeylogger\x64\debug\kbkeylogger.tlog\link.write.1.tlog
a:\project\kbkeylogger\wdm-kbk\kbkeylogger\kbkeylogger\x64\debug\kbkeylogger.tlog\signtool.command.1.tlog
a:\project\kbkeylogger\wdm-kbk\kbkeylogger\kbkeylogger\x64\debug\kbkeylogger.tlog\signtool.read.1.tlog
a:\project\kbkeylogger\wdm-kbk\kbkeylogger\kbkeylogger\x64\debug\kbkeylogger.tlog\signtool.timestamp.1.tlog
a:\project\kbkeylogger\wdm-kbk\kbkeylogger\kbkeylogger\x64\debug\kbkeylogger.tlog\signtool.write.1.tlog
a:\project\kbkeylogger\wdm-kbk\kbkeylogger\kbkeylogger\x64\debug\kbkeylogger.tlog\stampinf.command.1.tlog
a:\project\kbkeylogger\wdm-kbk\kbkeylogger\kbkeylogger\x64\debug\kbkeylogger.tlog\stampinf.read.1.tlog
a:\project\kbkeylogger\wdm-kbk\kbkeylogger\kbkeylogger\x64\debug\kbkeylogger.tlog\stampinf.write.1.tlog
